<?xml version="1.0" encoding="UTF-8"?>
<!-- Generated by org.testng.reporters.JUnitXMLReporter -->
<testsuite hostname="ES-SYS-656" name="Easy Proctor Test Cases" tests="3" failures="2" timestamp="22 Oct 2021 04:41:06 GMT" time="114.671" errors="0">
  <testcase name="videoplaytest" time="17.312" classname="com.easyproctor.qa.testcases.VideoPageTest">
    <failure type="java.lang.AssertionError" message="expected [true] but found [false]">
      <![CDATA[java.lang.AssertionError: expected [true] but found [false]
	at com.easyproctor.qa.testcases.VideoPageTest.videoplaytest(VideoPageTest.java:105)
... Removed 31 stack frames]]>
    </failure>
  </testcase> <!-- videoplaytest -->
  <testcase name="approvetest" time="17.875" classname="com.easyproctor.qa.testcases.VideoPageTest"/>
  <testcase name="rejecttest" time="18.279" classname="com.easyproctor.qa.testcases.VideoPageTest">
    <failure type="java.lang.AssertionError" message="expected [true] but found [false]">
      <![CDATA[java.lang.AssertionError: expected [true] but found [false]
	at com.easyproctor.qa.testcases.VideoPageTest.rejecttest(VideoPageTest.java:136)
... Removed 31 stack frames]]>
    </failure>
  </testcase> <!-- rejecttest -->
</testsuite> <!-- Easy Proctor Test Cases -->
