<?xml version="1.0" encoding="UTF-8"?>
<!-- Generated by org.testng.reporters.JUnitXMLReporter -->
<testsuite hostname="ES-SYS-656" name="Chrome Testing" tests="13" failures="1" timestamp="27 Dec 2021 12:08:54 GMT" time="468.769" errors="0">
  <testcase name="proctorapprovetest" time="23.377" classname="com.easyproctor.qa.testcases.EPLiveDashboardTest"/>
  <testcase name="proctorworktest" time="28.738" classname="com.easyproctor.qa.testcases.EPLiveDashboardTest"/>
  <testcase name="validateLoginPageTitleTest" time="0.023" classname="com.easyproctor.qa.testcases.EPLiveDashboardTest">
    <failure type="java.lang.AssertionError" message="expected [Easy Proctor] but found [Easy Proctoring]">
      <![CDATA[java.lang.AssertionError: expected [Easy Proctor] but found [Easy Proctoring]
	at com.easyproctor.qa.testcases.EPLiveDashboardTest.validateLoginPageTitleTest(EPLiveDashboardTest.java:49)
... Removed 31 stack frames]]>
    </failure>
  </testcase> <!-- validateLoginPageTitleTest -->
  <testcase name="upcomingtab" time="12.074" classname="com.easyproctor.qa.testcases.EPLiveDashboardTest"/>
  <testcase name="norecordtest" time="0.362" classname="com.easyproctor.qa.testcases.EPLiveDashboardTest"/>
  <testcase name="proctorholdtest" time="23.235" classname="com.easyproctor.qa.testcases.EPLiveDashboardTest"/>
  <testcase name="proctorsignouttest" time="1.324" classname="com.easyproctor.qa.testcases.EPLiveDashboardTest"/>
  <testcase name="todaytest" time="12.736" classname="com.easyproctor.qa.testcases.EPLiveDashboardTest"/>
  <testcase name="editprofiletest" time="6.64" classname="com.easyproctor.qa.testcases.EPLiveDashboardTest"/>
  <testcase name="filtertest" time="2.414" classname="com.easyproctor.qa.testcases.EPLiveDashboardTest"/>
  <testcase name="reporttest" time="4.216" classname="com.easyproctor.qa.testcases.EPLiveDashboardTest"/>
  <testcase name="calendertest" time="93.502" classname="com.easyproctor.qa.testcases.EPLiveDashboardTest"/>
  <testcase name="systemchecktest" time="7.166" classname="com.easyproctor.qa.testcases.EPLiveDashboardTest"/>
</testsuite> <!-- Chrome Testing -->
