<?xml version="1.0" encoding="UTF-8"?>
<!-- Generated by org.testng.reporters.JUnitXMLReporter -->
<testsuite hostname="ES-SYS-656" name="Easy Proctor Test Cases2" tests="5" failures="0" timestamp="20 Oct 2021 09:49:28 GMT" time="0.044" errors="0">
  <testcase name="@BeforeMethod setUp" time="0.0" classname="com.easyproctor.qa.testcases.LoginPageTest">
    <failure type="java.lang.NullPointerException">
      <![CDATA[java.lang.NullPointerException
	at com.easyproctor.qa.base.BasePage.initialization(BasePage.java:65)
	at com.easyproctor.qa.testcases.LoginPageTest.setUp(LoginPageTest.java:71)
... Removed 27 stack frames]]>
    </failure>
  </testcase> <!-- @BeforeMethod setUp -->
  <testcase name="@AfterMethod teardown" time="0.0" classname="com.easyproctor.qa.testcases.LoginPageTest">
    <skipped/>
  </testcase> <!-- @AfterMethod teardown -->
  <testcase name="@BeforeMethod setUp" time="0.0" classname="com.easyproctor.qa.testcases.LoginPageTest">
    <skipped/>
  </testcase> <!-- @BeforeMethod setUp -->
  <testcase name="@AfterMethod teardown" time="0.0" classname="com.easyproctor.qa.testcases.LoginPageTest">
    <skipped/>
  </testcase> <!-- @AfterMethod teardown -->
  <testcase name="@BeforeMethod setUp" time="0.0" classname="com.easyproctor.qa.testcases.DashboardPageTest">
    <failure type="java.lang.NullPointerException">
      <![CDATA[java.lang.NullPointerException
	at com.easyproctor.qa.base.BasePage.initialization(BasePage.java:65)
	at com.easyproctor.qa.testcases.DashboardPageTest.setUp(DashboardPageTest.java:45)
... Removed 27 stack frames]]>
    </failure>
  </testcase> <!-- @BeforeMethod setUp -->
  <testcase name="@AfterMethod teardown" time="0.0" classname="com.easyproctor.qa.testcases.DashboardPageTest">
    <skipped/>
  </testcase> <!-- @AfterMethod teardown -->
  <testcase name="@BeforeMethod setUp" time="0.0" classname="com.easyproctor.qa.testcases.DashboardPageTest">
    <skipped/>
  </testcase> <!-- @BeforeMethod setUp -->
  <testcase name="@AfterMethod teardown" time="0.0" classname="com.easyproctor.qa.testcases.DashboardPageTest">
    <skipped/>
  </testcase> <!-- @AfterMethod teardown -->
  <testcase name="@BeforeMethod setUp" time="0.003" classname="com.easyproctor.qa.testcases.DashboardPageTest">
    <skipped/>
  </testcase> <!-- @BeforeMethod setUp -->
  <testcase name="@AfterMethod teardown" time="0.0" classname="com.easyproctor.qa.testcases.DashboardPageTest">
    <skipped/>
  </testcase> <!-- @AfterMethod teardown -->
  <testcase name="validateLoginPageTitleTest" time="0.003" classname="com.easyproctor.qa.testcases.LoginPageTest">
    <skipped/>
  </testcase> <!-- validateLoginPageTitleTest -->
  <testcase name="loginTest" time="0.0" classname="com.easyproctor.qa.testcases.LoginPageTest">
    <skipped/>
  </testcase> <!-- loginTest -->
  <testcase name="verifydashboardpagetest" time="0.003" classname="com.easyproctor.qa.testcases.DashboardPageTest">
    <skipped/>
  </testcase> <!-- verifydashboardpagetest -->
  <testcase name="searchbartest" time="0.001" classname="com.easyproctor.qa.testcases.DashboardPageTest">
    <skipped/>
  </testcase> <!-- searchbartest -->
  <testcase name="numberofrowstest" time="0.001" classname="com.easyproctor.qa.testcases.DashboardPageTest">
    <skipped/>
  </testcase> <!-- numberofrowstest -->
</testsuite> <!-- Easy Proctor Test Cases2 -->
